<?xml version="1.0" encoding="UTF-8"?>
<!-- Generated by org.testng.reporters.JUnitReportReporter -->
<testsuite hostname="DESKTOP-QHTT137" failures="0" tests="4" name="com.numpy_ninja.dsalgo.tests.newUser" time="22.100" errors="0" timestamp="02 Nov 2021 04:49:29 GMT" skipped="0">
  <testcase classname="com.numpy_ninja.dsalgo.tests.newUser" name="testcase1" time="3.567"/>
  <testcase classname="com.numpy_ninja.dsalgo.tests.newUser" name="testcase3" time="3.903"/>
  <testcase classname="com.numpy_ninja.dsalgo.tests.newUser" name="testcase4" time="2.904"/>
  <testcase classname="com.numpy_ninja.dsalgo.tests.newUser" name="testcase2" time="11.726"/>
</testsuite> <!-- com.numpy_ninja.dsalgo.tests.newUser -->
